<?xml version="1.0" encoding="UTF-8"?>
<!-- Generated by org.testng.reporters.JUnitReportReporter -->
<testsuite hostname="apoorv" failures="0" tests="1" name="Testng_D.Tests.loginPage" time="5.264" errors="0" timestamp="2022-07-04T10:28:49 IST" skipped="0">
  <testcase classname="Testng_D.Tests.loginPage" name="Login_f" time="5.264"/>
  <system-out/>
</testsuite> <!-- Testng_D.Tests.loginPage -->
